C51 COMPILER V9.00   MAIN                                                                  09/06/2015 20:47:09 PAGE 1   


C51 COMPILER V9.00, COMPILATION OF MODULE MAIN
OBJECT MODULE PLACED IN main.obj
COMPILER INVOKED BY: d:\Keil\C51\BIN\C51.EXE Source\main.c BROWSE INCDIR(..\电机控制) DEBUG OBJECTEXTEND PRINT(.\main.ls
                    -t) OBJECT(main.obj)

line level    source

   1          /*
   2          版权声明：
   3          深圳市小二极客科技（小R科技）旗下：WIFI机器人网・机器人创意工作室版权所有 www.wifi-robots.com
   4          您可以任意修改本程序，并应用于自行研发的智能小车机器人及其他电子产品上，但是禁止用于商业牟利。
   5          小R科技保留付诸法律起诉侵权的权利！2015-8-22
   6          By WIFI机器人网・机器人创意工作室
   7          */
   8          /*
   9          51duino_SDK二次开发源码包
  10          版本号：V2.0
  11          修改日期：2015-8-22
  12          */
  13          #include "stc_new_8051.h"
  14          #include "motor.h"
  15          #include "uart.h"
  16          #include <stdio.h>
  17          #include "type.h"
  18          #include "timer.h"
  19          #include "SelfTest.h"
  20          #include "Servo.h"
  21          #include "LCD_12864.h"
  22          #include "Light.h"
  23          extern void UART_send_byte(uint8 byte);
  24          //#define DEBUG //是否开启调试模式开关
  25          /*
  26            main(void)函数
  27            作用：主函数入口点
  28            参数：无
  29            返回值：无
  30            powered by tianyalu
  31          */
  32          
  33          void main(void)
  34          {
  35   1              MainLight_Init();//大灯初始化为熄灭
  36   1              #ifndef DEBUG
  37   1              {
  38   2                      TestApp_Init();//自检延时程序
  39   2              }
  40   1              #endif
  41   1              UART_init();//串口初始化
  42   1              Timer0_Init();//定时器0初始化（舵机定时器）
  43   1              Timer1_Init();//定时器1初始化
  44   1              Motor_Init();//电机初始化
  45   1              Init_Steer();//舵机角度初始化
  46   1              //Lcd_Init();//12864LCD显示屏初始化，默认关闭，根据需要放开
  47   1          while(1)
  48   1              {
  49   2                      Cruising_Mod();//全功能模式功能执行子函数
  50   2              }
  51   1      }


MODULE INFORMATION:   STATIC OVERLAYABLE
C51 COMPILER V9.00   MAIN                                                                  09/06/2015 20:47:09 PAGE 2   

   CODE SIZE        =     26    ----
   CONSTANT SIZE    =   ----    ----
   XDATA SIZE       =   ----    ----
   PDATA SIZE       =   ----    ----
   DATA SIZE        =   ----    ----
   IDATA SIZE       =   ----    ----
   BIT SIZE         =   ----    ----
END OF MODULE INFORMATION.


C51 COMPILATION COMPLETE.  0 WARNING(S),  0 ERROR(S)
