C51 COMPILER V9.00   TIMER                                                                 09/06/2015 20:47:09 PAGE 1   


C51 COMPILER V9.00, COMPILATION OF MODULE TIMER
OBJECT MODULE PLACED IN timer.obj
COMPILER INVOKED BY: d:\Keil\C51\BIN\C51.EXE Source\timer.c BROWSE INCDIR(..\电机控制) DEBUG OBJECTEXTEND PRINT(.\timer.
                    -lst) OBJECT(timer.obj)

line level    source

   1          /*
   2          版权声明：
   3          深圳市小二极客科技（小R科技）旗下：WIFI机器人网・机器人创意工作室版权所有 www.wifi-robots.com
   4          您可以任意修改本程序，并应用于自行研发的智能小车机器人及其他电子产品上，但是禁止用于商业牟利。
   5          小R科技保留付诸法律起诉侵权的权利！2015-8-22
   6          By WIFI机器人网・机器人创意工作室
   7          */
   8          #include "stc_new_8051.h"
   9          #include "timer.h"
  10          #include "steer.h"
  11          #include "IR.h"
  12          #include "MEM.h"
  13          #include "uart.h"
  14          #include "Servo.h"
  15          #include "motor.h"
  16          extern uint8 rec_flag;
  17          extern uint16 Sampling_cnt;
  18          extern bit IR_38K_En;
  19          extern bit IR_R_T; 
  20          extern bit IR_EN;
  21          uint16 Uart_timeout_count=0;
  22          extern void Steering_Engine_Control(void);
  23          extern uint8 Left_Speed;
  24          extern uint8 Right_Speed;
  25          /*
  26            Delay_Ms(uint32 t)函数
  27            作用：延迟指定时间，单位毫秒
  28            参数：毫秒数
  29            返回值：无
  30            powered by tianyalu
  31          */
  32          void Delay_Ms(uint32 t)
  33          {  
  34   1          uint16 i;
  35   1              while(t--)
  36   1              {
  37   2                 for(i=0;i<1050;i++);
  38   2              }
  39   1      }
  40          /*
  41            Timer0_Init(void)函数
  42            作用：定时器0初始化函数，设置模式、优先级、中断开关
  43            参数：无
  44            返回值：无
  45            powered by tianyalu
  46          */
  47          void Timer0_Init(void)
  48          {
  49   1              TMOD   &=   0xf0; 
  50   1          TMOD   |=   0x01; 
  51   1              AUXR   |=   0XC0;
  52   1              IP   |=   0x02;//定时器0中断优先级最高
  53   1              TR0=1;
  54   1              ET0=1;
C51 COMPILER V9.00   TIMER                                                                 09/06/2015 20:47:09 PAGE 2   

  55   1      }
  56          /*
  57            Timer1_Init(void)函数
  58            作用：定时器1初始化函数，设置模式、优先级、中断开关
  59            参数：无
  60            返回值：无
  61            powered by tianyalu
  62          */
  63          void Timer1_Init(void)
  64          {
  65   1          ET1     =     1;
  66   1          TMOD   &=   0x0f; 
  67   1          TMOD   |=   0x10;   
  68   1          TH1     =   0xA9;   //1MS定时
  69   1          TL1     =   0x9A;
  70   1          TR1     =   1;    //开定时器1
  71   1      
  72   1      }
  73          /*
  74            Timer_0(void) interrupt 1函数
  75            作用：定时器0中断服务函数，用作舵机控制或红外遥控电视
  76            参数：无
  77            返回值：无
  78            powered by tianyalu
  79          */
  80          void Timer_0(void) interrupt 1 
  81          {
  82   1              if(IR_EN ==1)
  83   1              {
  84   2                      Timer_For_IR();
  85   2              }
  86   1              else
  87   1              {
  88   2                      Steering_Engine_Control();
  89   2              }
  90   1      }
  91          /*
  92            Timer_1(void) interrupt 3函数
  93            作用：定时器1中断服务函数，可自由使用，目前用作左右电机速度调整和串口通信检测
  94            参数：无
  95            返回值：无
  96            powered by tianyalu
  97          */
  98          void Timer_1(void) interrupt 3
  99          {        
 100   1          static uint16 ms_count=0;
 101   1              static uchar _100us_count=0;
 102   1              //TH1     =   0xA9;   
 103   1          //TL1     =   0x9A;
 104   1      
 105   1              Uart_timeout_count++;
 106   1              if((Uart_timeout_count == 1000) && (rec_flag)) //串口接收1秒超时
 107   1              {
 108   2                      rec_flag = 0;
 109   2              }
 110   1      
 111   1              if(ms_count++ >= 1000)
 112   1              {
 113   2                   ms_count = 0;
 114   2                       if(rec_flag)
 115   2                       {
 116   3                           LED5 = ~LED5;
C51 COMPILER V9.00   TIMER                                                                 09/06/2015 20:47:09 PAGE 3   

 117   3                       }
 118   2                       else
 119   2                       {
 120   3                           LED5 = 1;
 121   3                       }
 122   2              }
 123   1               
 124   1      
 125   1       
 126   1      
 127   1               TH1     =   0xF7;   
 128   1           TL1     =   0x5C; //10KHZ频率定时
 129   1      
 130   1               _100us_count++;
 131   1      
 132   1               if(_100us_count <= Left_Speed) //左侧占空比，1KHz
 133   1               {
 134   2                   MOTOR_A_EN = 1;
 135   2               }
 136   1               else
 137   1               {
 138   2                   MOTOR_A_EN = 0;
 139   2               }
 140   1      
 141   1               if(_100us_count <= Right_Speed)        //右侧占空比，1KHz
 142   1               {
 143   2                   MOTOR_B_EN = 1;
 144   2               }
 145   1               else
 146   1               {
 147   2                   MOTOR_B_EN = 0;
 148   2               }
 149   1      
 150   1               if(10 == _100us_count)
 151   1               {
 152   2                    _100us_count = 0;
 153   2                        MOTOR_A_EN = 0;
 154   2                        MOTOR_B_EN = 0;
 155   2               }
 156   1                      
 157   1      }


MODULE INFORMATION:   STATIC OVERLAYABLE
   CODE SIZE        =    262    ----
   CONSTANT SIZE    =   ----    ----
   XDATA SIZE       =   ----    ----
   PDATA SIZE       =   ----    ----
   DATA SIZE        =      5       4
   IDATA SIZE       =   ----    ----
   BIT SIZE         =   ----    ----
END OF MODULE INFORMATION.


C51 COMPILATION COMPLETE.  0 WARNING(S),  0 ERROR(S)
